{"name": "test_two", "status": "failed", "statusDetails": {"message": "AssertionError: assert '百度一下' in 'test1111_百度搜索'", "trace": "self = <test_pytest.TestClass object at 0x1051c95f8>\ngetDriver = <selenium.webdriver.chrome.webdriver.WebDriver (session=\"168f0460b0d236f46e6a2569776f36b1\")>\n\n    @allure.story('判断是否有234')\n    def test_two(self, getDriver):\n        input_box = getDriver.find_element_by_id(\"kw\")\n        input_box.clear()\n        input_box.send_keys(\"bcd\")\n        submit = getDriver.find_element_by_id(\"su\")\n        submit.click()\n        title = getDriver.title\n>       assert '百度一下' in title\nE       AssertionError: assert '百度一下' in 'test1111_百度搜索'\n\ntests/test_case/test_pytest.py:23: AssertionError"}, "start": 1562123535541, "stop": 1562123536021, "uuid": "ad5a9537-e662-41bc-9867-ae726268c5d9", "historyId": "a4addfc73a872e810a368dd6739346da", "fullName": "tests.test_case.test_pytest.TestClass#test_two", "labels": [{"name": "feature", "value": "百度feature"}, {"name": "story", "value": "判断是否有234"}, {"name": "parentSuite", "value": "tests.test_case"}, {"name": "suite", "value": "test_pytest"}, {"name": "subSuite", "value": "TestClass"}, {"name": "host", "value": "luokaideMacBook-Pro.local"}, {"name": "thread", "value": "54958-MainThread"}, {"name": "framework", "value": "pytest"}, {"name": "language", "value": "cpython3"}, {"name": "package", "value": "tests.test_case.test_pytest"}]}