{"name": "test_two", "status": "failed", "statusDetails": {"message": "AssertionError: assert '百度一下' in 'test1111_百度搜索'", "trace": "self = <test_pytest.TestClass object at 0x1104cf940>\ngetDriver = <selenium.webdriver.chrome.webdriver.WebDriver (session=\"9ac0d85c66ee08d8a7677dead75823c7\")>\n\n    @allure.story('判断是否有234')\n    def test_two(self, getDriver):\n        input_box = getDriver.find_element_by_id(\"kw\")\n        input_box.clear()\n        input_box.send_keys(\"bcd\")\n        submit = getDriver.find_element_by_id(\"su\")\n        submit.click()\n        title = getDriver.title\n>       assert '百度一下' in title\nE       AssertionError: assert '百度一下' in 'test1111_百度搜索'\n\ntests/test_case/test_pytest.py:23: AssertionError"}, "start": 1562123066628, "stop": 1562123067092, "uuid": "da5d7801-c806-4be7-83c5-e3a0b3924e14", "historyId": "a4addfc73a872e810a368dd6739346da", "fullName": "tests.test_case.test_pytest.TestClass#test_two", "labels": [{"name": "story", "value": "判断是否有234"}, {"name": "feature", "value": "百度feature"}, {"name": "parentSuite", "value": "tests.test_case"}, {"name": "suite", "value": "test_pytest"}, {"name": "subSuite", "value": "TestClass"}, {"name": "host", "value": "luokaideMacBook-Pro.local"}, {"name": "thread", "value": "54847-MainThread"}, {"name": "framework", "value": "pytest"}, {"name": "language", "value": "cpython3"}, {"name": "package", "value": "tests.test_case.test_pytest"}]}