{"name": "test_two", "status": "failed", "statusDetails": {"message": "AssertionError: assert '百度一下' in 'bcd码_百度搜索'", "trace": "self = <test_pytest.TestClass object at 0x1107a1d68>\ngetDriver = <selenium.webdriver.chrome.webdriver.WebDriver (session=\"2aed6fba20033e3d1a8a16e30af6076a\")>\n\n    @allure.story('判断是否有234')\n    def test_two(self, getDriver):\n        input_box = getDriver.find_element_by_id(\"kw\")\n        input_box.clear()\n        input_box.send_keys(\"bcd\")\n        submit = getDriver.find_element_by_id(\"su\")\n        submit.click()\n        title = getDriver.title\n>       assert '百度一下' in title\nE       AssertionError: assert '百度一下' in 'bcd码_百度搜索'\n\ntests/test_case/test_pytest.py:23: AssertionError"}, "start": 1562124266533, "stop": 1562124267252, "uuid": "75d89791-6447-4e09-8733-750ff746581c", "historyId": "a4addfc73a872e810a368dd6739346da", "fullName": "tests.test_case.test_pytest.TestClass#test_two", "labels": [{"name": "feature", "value": "百度feature"}, {"name": "story", "value": "判断是否有234"}, {"name": "parentSuite", "value": "tests.test_case"}, {"name": "suite", "value": "test_pytest"}, {"name": "subSuite", "value": "TestClass"}, {"name": "host", "value": "luokaideMacBook-Pro.local"}, {"name": "thread", "value": "55342-MainThread"}, {"name": "framework", "value": "pytest"}, {"name": "language", "value": "cpython3"}, {"name": "package", "value": "tests.test_case.test_pytest"}]}